<?xml version="1.0" encoding="UTF-8"?>
<!-- Generated by org.testng.reporters.JUnitReportReporter -->
<testsuite hostname="Vyshnav-Rajan" failures="0" tests="1" name="testngpkg.DragAndDrop" time="1.297" errors="0" timestamp="2024-03-11T15:18:42 IST" skipped="0">
  <testcase classname="testngpkg.DragAndDrop" name="test1" time="1.297"/>
  <system-out/>
</testsuite> <!-- testngpkg.DragAndDrop -->
