<?xml version="1.0" encoding="UTF-8"?>
<!-- Generated by org.testng.reporters.JUnitReportReporter -->
<testsuite hostname="Vyshnav-Rajan" failures="0" tests="1" name="testngpkg.ExampleprgmContextmenu" time="0.881" errors="0" timestamp="2024-03-11T11:20:37 IST" skipped="0">
  <testcase classname="testngpkg.ExampleprgmContextmenu" name="test1" time="0.881"/>
  <system-out/>
</testsuite> <!-- testngpkg.ExampleprgmContextmenu -->
