<?xml version="1.0" encoding="UTF-8"?>
<!-- Generated by org.testng.reporters.JUnitReportReporter -->
<testsuite hostname="Vyshnav-Rajan" failures="0" tests="1" name="testngpkg.DataDrivenTask" time="7.510" errors="0" timestamp="2024-03-15T13:37:05 IST" skipped="0">
  <testcase classname="testngpkg.DataDrivenTask" name="test" time="7.510"/>
  <system-out/>
</testsuite> <!-- testngpkg.DataDrivenTask -->
