<?xml version="1.0" encoding="UTF-8"?>
<!-- Generated by org.testng.reporters.JUnitReportReporter -->
<testsuite hostname="Vyshnav-Rajan" failures="0" tests="1" name="testngpkg.FacebookValidation" time="8.926" errors="0" timestamp="2024-03-22T11:52:16 IST" skipped="0">
  <testcase classname="testngpkg.FacebookValidation" name="test" time="8.926"/>
  <system-out/>
</testsuite> <!-- testngpkg.FacebookValidation -->
