<?xml version="1.0" encoding="UTF-8"?>
<!-- Generated by org.testng.reporters.JUnitReportReporter -->
<testsuite hostname="Vyshnav-Rajan" failures="0" tests="1" name="testngpkg.DatePickerParvathy" time="12.072" errors="0" timestamp="2024-03-20T09:45:04 IST" skipped="0">
  <testcase classname="testngpkg.DatePickerParvathy" name="Testing" time="12.072"/>
  <system-out/>
</testsuite> <!-- testngpkg.DatePickerParvathy -->
