<?xml version="1.0" encoding="UTF-8"?>
<!-- Generated by org.testng.reporters.JUnitReportReporter -->
<testsuite hostname="Vyshnav-Rajan" failures="0" tests="1" name="testngpkg.DataDrivenprgm" time="48.600" errors="0" timestamp="2024-03-14T14:48:13 IST" skipped="0">
  <testcase classname="testngpkg.DataDrivenprgm" name="test" time="48.600"/>
  <system-out/>
</testsuite> <!-- testngpkg.DataDrivenprgm -->
