<?xml version="1.0" encoding="UTF-8"?>
<!-- Generated by org.testng.reporters.JUnitReportReporter -->
<testsuite hostname="Vyshnav-Rajan" failures="0" tests="1" name="testngpkg.FileUploadAuto2" time="14.605" errors="0" timestamp="2024-03-12T15:09:10 IST" skipped="0">
  <testcase classname="testngpkg.FileUploadAuto2" name="fileUploadPrgm" time="14.605"/>
  <system-out/>
</testsuite> <!-- testngpkg.FileUploadAuto2 -->
