<?xml version="1.0" encoding="UTF-8"?>
<!-- Generated by org.testng.reporters.JUnitReportReporter -->
<testsuite hostname="Vyshnav-Rajan" failures="0" tests="2" name="testngpkg.TestngGrouping" time="0.015" errors="0" timestamp="2024-03-20T09:48:00 IST" skipped="0">
  <testcase classname="testngpkg.TestngGrouping" name="test5" time="0.002"/>
  <system-out/>
  <testcase classname="testngpkg.TestngGrouping" name="test4" time="0.013"/>
  <system-out/>
</testsuite> <!-- testngpkg.TestngGrouping -->
