<?xml version="1.0" encoding="UTF-8"?>
<!-- Generated by org.testng.reporters.JUnitReportReporter -->
<testsuite hostname="Vyshnav-Rajan" failures="0" tests="1" name="testngpkg.FileUploadSimple" time="0.103" errors="0" timestamp="2024-03-12T13:42:21 IST" skipped="0">
  <testcase classname="testngpkg.FileUploadSimple" name="test1" time="0.103"/>
  <system-out/>
</testsuite> <!-- testngpkg.FileUploadSimple -->
