<?xml version="1.0" encoding="UTF-8"?>
<!-- Generated by org.testng.reporters.JUnitReportReporter -->
<testsuite hostname="Vyshnav-Rajan" failures="0" tests="1" name="testngpkg.EbayApplictaion" time="3.215" errors="0" timestamp="2024-04-02T14:58:30 IST" skipped="0">
  <testcase classname="testngpkg.EbayApplictaion" name="test1" time="3.215"/>
  <system-out/>
</testsuite> <!-- testngpkg.EbayApplictaion -->
