<?xml version="1.0" encoding="UTF-8"?>
<!-- Generated by org.testng.reporters.JUnitReportReporter -->
<testsuite hostname="Vyshnav-Rajan" failures="0" tests="1" name="testngpkg.Copypasteprgm" time="0.769" errors="0" timestamp="2024-03-09T11:56:47 IST" skipped="0">
  <testcase classname="testngpkg.Copypasteprgm" name="test1" time="0.769"/>
  <system-out/>
</testsuite> <!-- testngpkg.Copypasteprgm -->
