<?xml version="1.0" encoding="UTF-8"?>
<!-- Generated by org.testng.reporters.JUnitReportReporter -->
<testsuite hostname="Vyshnav-Rajan" failures="0" tests="1" name="testngpkg.WindowHandler" time="4.788" errors="0" timestamp="2024-03-15T14:05:21 IST" skipped="0">
  <testcase classname="testngpkg.WindowHandler" name="test1" time="4.788"/>
  <system-out/>
</testsuite> <!-- testngpkg.WindowHandler -->
