<?xml version="1.0" encoding="UTF-8"?>
<!-- Generated by org.testng.reporters.JUnitReportReporter -->
<testsuite hostname="Vyshnav-Rajan" failures="0" tests="3" name="testngpkg.TestNgDemo" time="0.006" errors="0" timestamp="2024-03-18T15:26:24 IST" skipped="1">
  <testcase classname="testngpkg.TestNgDemo" name="test3" time="0.005"/>
  <system-out/>
  <testcase classname="testngpkg.TestNgDemo" name="test2" time="0.001"/>
  <system-out/>
  <testcase classname="testngpkg.TestNgDemo" name="test1">
    <skipped/>
  </testcase> <!-- test1 -->
  <system-out/>
</testsuite> <!-- testngpkg.TestNgDemo -->
